Build started 27.1.2014 14:04:51.
     1>Project "Z:\Wizard wars\Wizard_wars\Wizard_wars\Wizard_wars.vcxproj" on node 2 (build target(s)).
     1>InitializeBuildStatus:
         Touching "Debug\Wizard_wars.unsuccessfulbuild".
       ClCompile:
         c:\Program Files (x86)\Microsoft Visual Studio 10.0\VC\bin\CL.exe /c /I"Z:\Wizard wars\Wizard_wars\/../SFML-2.1/include/" /ZI /nologo /W3 /WX- /Od /Oy- /D WIN32 /D _DEBUG /D _CONSOLE /D _UNICODE /D UNICODE /Gm /EHsc /RTC1 /MDd /GS /fp:precise /Zc:wchar_t /Zc:forScope /Fo"Debug\\" /Fd"Debug\vc100.pdb" /Gd /TP /analyze- /errorReport:prompt main.cpp
         main.cpp
       ManifestResourceCompile:
         All outputs are up-to-date.
       Link:
         c:\Program Files (x86)\Microsoft Visual Studio 10.0\VC\bin\link.exe /ERRORREPORT:PROMPT /OUT:"Z:\Wizard wars\Wizard_wars\Debug\Wizard_wars.exe" /INCREMENTAL /NOLOGO /LIBPATH:"Z:\Wizard wars\Wizard_wars\/../SFML-2.1/lib" "sfml-graphics.lib" "sfml-window.lib" "sfml-system.lib" "sfml-audio.lib" kernel32.lib user32.lib gdi32.lib winspool.lib comdlg32.lib advapi32.lib shell32.lib ole32.lib oleaut32.lib uuid.lib odbc32.lib odbccp32.lib kernel32.lib user32.lib gdi32.lib winspool.lib comdlg32.lib advapi32.lib shell32.lib ole32.lib oleaut32.lib uuid.lib odbc32.lib odbccp32.lib /MANIFEST /ManifestFile:"Debug\Wizard_wars.exe.intermediate.manifest" /MANIFESTUAC:"level='asInvoker' uiAccess='false'" /DEBUG /PDB:"Z:\Wizard wars\Wizard_wars\Debug\Wizard_wars.pdb" /SUBSYSTEM:CONSOLE /TLBID:1 /DYNAMICBASE /NXCOMPAT /IMPLIB:"Z:\Wizard wars\Wizard_wars\Debug\Wizard_wars.lib" /MACHINE:X86 Debug\Wizard_wars.exe.embed.manifest.res
         Debug\main.obj
       Manifest:
         C:\Program Files (x86)\Microsoft SDKs\Windows\v7.0A\bin\mt.exe /nologo /verbose /out:"Debug\Wizard_wars.exe.embed.manifest" /manifest Debug\Wizard_wars.exe.intermediate.manifest
         All outputs are up-to-date.
       LinkEmbedManifest:
         All outputs are up-to-date.
         Wizard_wars.vcxproj -> Z:\Wizard wars\Wizard_wars\Debug\Wizard_wars.exe
       FinalizeBuildStatus:
         Deleting file "Debug\Wizard_wars.unsuccessfulbuild".
         Touching "Debug\Wizard_wars.lastbuildstate".
     1>Done Building Project "Z:\Wizard wars\Wizard_wars\Wizard_wars\Wizard_wars.vcxproj" (build target(s)).

Build succeeded.

Time Elapsed 00:00:08.61
