C:\USERS\TTI13SHANNUS\DOCUMENTS\GITHUB\GAMEPROJECT\WIZARD WARS\WIZARD_WARS\DEBUG\WIZARD_WARS.EXE
C:\USERS\TTI13SHANNUS\DOCUMENTS\GITHUB\GAMEPROJECT\WIZARD WARS\WIZARD_WARS\DEBUG\WIZARD_WARS.PDB
C:\USERS\TTI13SHANNUS\DOCUMENTS\GITHUB\GAMEPROJECT\WIZARD WARS\WIZARD_WARS\WIZARD_WARS\DEBUG\MAIN.OBJ
C:\USERS\TTI13SHANNUS\DOCUMENTS\GITHUB\GAMEPROJECT\WIZARD WARS\WIZARD_WARS\WIZARD_WARS\DEBUG\RENDER.OBJ
C:\USERS\TTI13SHANNUS\DOCUMENTS\GITHUB\GAMEPROJECT\WIZARD WARS\WIZARD_WARS\WIZARD_WARS\DEBUG\SCENE.OBJ
C:\USERS\TTI13SHANNUS\DOCUMENTS\GITHUB\GAMEPROJECT\WIZARD WARS\WIZARD_WARS\WIZARD_WARS\DEBUG\TILE.OBJ
C:\USERS\TTI13SHANNUS\DOCUMENTS\GITHUB\GAMEPROJECT\WIZARD WARS\WIZARD_WARS\WIZARD_WARS\DEBUG\TILEMAP.OBJ
C:\USERS\TTI13SHANNUS\DOCUMENTS\GITHUB\GAMEPROJECT\WIZARD WARS\WIZARD_WARS\WIZARD_WARS\DEBUG\VC100.PDB
C:\USERS\TTI13SHANNUS\DOCUMENTS\GITHUB\GAMEPROJECT\WIZARD WARS\WIZARD_WARS\WIZARD_WARS\DEBUG\WIZARD_WARS.EXE.INTERMEDIATE.MANIFEST
C:\USERS\USER\DOCUMENTS\GITHUB\GAMEPROJECT\WIZARD WARS\WIZARD_WARS\DEBUG\WIZARD_WARS.EXE
C:\USERS\USER\DOCUMENTS\GITHUB\GAMEPROJECT\WIZARD WARS\WIZARD_WARS\DEBUG\WIZARD_WARS.PDB
C:\Users\User\Documents\GitHub\GameProject\Wizard wars\Wizard_wars\Wizard_wars\Debug\cl.command.1.tlog
C:\Users\User\Documents\GitHub\GameProject\Wizard wars\Wizard_wars\Wizard_wars\Debug\CL.read.1.tlog
C:\Users\User\Documents\GitHub\GameProject\Wizard wars\Wizard_wars\Wizard_wars\Debug\CL.write.1.tlog
C:\Users\User\Documents\GitHub\GameProject\Wizard wars\Wizard_wars\Wizard_wars\Debug\link.3516.read.1.tlog
C:\Users\User\Documents\GitHub\GameProject\Wizard wars\Wizard_wars\Wizard_wars\Debug\link.3516.write.1.tlog
C:\Users\User\Documents\GitHub\GameProject\Wizard wars\Wizard_wars\Wizard_wars\Debug\link.3516-cvtres.read.1.tlog
C:\Users\User\Documents\GitHub\GameProject\Wizard wars\Wizard_wars\Wizard_wars\Debug\link.3516-cvtres.write.1.tlog
C:\Users\User\Documents\GitHub\GameProject\Wizard wars\Wizard_wars\Wizard_wars\Debug\link.7120.read.1.tlog
C:\Users\User\Documents\GitHub\GameProject\Wizard wars\Wizard_wars\Wizard_wars\Debug\link.7120.write.1.tlog
C:\Users\User\Documents\GitHub\GameProject\Wizard wars\Wizard_wars\Wizard_wars\Debug\link.7120-cvtres.read.1.tlog
C:\Users\User\Documents\GitHub\GameProject\Wizard wars\Wizard_wars\Wizard_wars\Debug\link.7120-cvtres.write.1.tlog
C:\Users\User\Documents\GitHub\GameProject\Wizard wars\Wizard_wars\Wizard_wars\Debug\link.command.1.tlog
C:\Users\User\Documents\GitHub\GameProject\Wizard wars\Wizard_wars\Wizard_wars\Debug\link.read.1.tlog
C:\Users\User\Documents\GitHub\GameProject\Wizard wars\Wizard_wars\Wizard_wars\Debug\link.write.1.tlog
C:\Users\User\Documents\GitHub\GameProject\Wizard wars\Wizard_wars\Wizard_wars\Debug\link-cvtres.read.1.tlog
C:\Users\User\Documents\GitHub\GameProject\Wizard wars\Wizard_wars\Wizard_wars\Debug\link-cvtres.write.1.tlog
C:\USERS\USER\DOCUMENTS\GITHUB\GAMEPROJECT\WIZARD WARS\WIZARD_WARS\WIZARD_WARS\DEBUG\MAIN.OBJ
C:\Users\User\Documents\GitHub\GameProject\Wizard wars\Wizard_wars\Wizard_wars\Debug\mt.command.1.tlog
C:\Users\User\Documents\GitHub\GameProject\Wizard wars\Wizard_wars\Wizard_wars\Debug\mt.read.1.tlog
C:\Users\User\Documents\GitHub\GameProject\Wizard wars\Wizard_wars\Wizard_wars\Debug\mt.write.1.tlog
C:\Users\User\Documents\GitHub\GameProject\Wizard wars\Wizard_wars\Wizard_wars\Debug\rc.command.1.tlog
C:\Users\User\Documents\GitHub\GameProject\Wizard wars\Wizard_wars\Wizard_wars\Debug\rc.read.1.tlog
C:\Users\User\Documents\GitHub\GameProject\Wizard wars\Wizard_wars\Wizard_wars\Debug\rc.write.1.tlog
C:\USERS\USER\DOCUMENTS\GITHUB\GAMEPROJECT\WIZARD WARS\WIZARD_WARS\WIZARD_WARS\DEBUG\RENDER.OBJ
C:\USERS\USER\DOCUMENTS\GITHUB\GAMEPROJECT\WIZARD WARS\WIZARD_WARS\WIZARD_WARS\DEBUG\TILE.OBJ
C:\USERS\USER\DOCUMENTS\GITHUB\GAMEPROJECT\WIZARD WARS\WIZARD_WARS\WIZARD_WARS\DEBUG\TILEMAP.OBJ
C:\Users\User\Documents\GitHub\GameProject\Wizard wars\Wizard_wars\Wizard_wars\Debug\vc100.idb
C:\USERS\USER\DOCUMENTS\GITHUB\GAMEPROJECT\WIZARD WARS\WIZARD_WARS\WIZARD_WARS\DEBUG\VC100.PDB
C:\Users\User\Documents\GitHub\GameProject\Wizard wars\Wizard_wars\Wizard_wars\Debug\Wizard_wars.exe.embed.manifest
C:\USERS\USER\DOCUMENTS\GITHUB\GAMEPROJECT\WIZARD WARS\WIZARD_WARS\WIZARD_WARS\DEBUG\WIZARD_WARS.EXE.EMBED.MANIFEST.RES
C:\USERS\USER\DOCUMENTS\GITHUB\GAMEPROJECT\WIZARD WARS\WIZARD_WARS\WIZARD_WARS\DEBUG\WIZARD_WARS.EXE.INTERMEDIATE.MANIFEST
C:\Users\User\Documents\GitHub\GameProject\Wizard wars\Wizard_wars\Wizard_wars\Debug\Wizard_wars.vcxprojResolveAssemblyReference.cache
C:\Users\User\Documents\GitHub\GameProject\Wizard wars\Wizard_wars\Wizard_wars\Debug\Wizard_wars.write.1.tlog
C:\Users\User\Documents\GitHub\GameProject\Wizard wars\Wizard_wars\Wizard_wars\Debug\Wizard_wars_manifest.rc
Z:\WIZARD WARS\WIZARD_WARS\DEBUG\WIZARD_WARS.EXE
Z:\WIZARD WARS\WIZARD_WARS\DEBUG\WIZARD_WARS.ILK
Z:\WIZARD WARS\WIZARD_WARS\DEBUG\WIZARD_WARS.PDB
Z:\WIZARD WARS\WIZARD_WARS\WIZARD_WARS\DEBUG\MAIN.OBJ
Z:\WIZARD WARS\WIZARD_WARS\WIZARD_WARS\DEBUG\VC100.PDB
Z:\WIZARD WARS\WIZARD_WARS\WIZARD_WARS\DEBUG\WIZARD_WARS.EXE.EMBED.MANIFEST
Z:\WIZARD WARS\WIZARD_WARS\WIZARD_WARS\DEBUG\WIZARD_WARS.EXE.EMBED.MANIFEST.RES
Z:\WIZARD WARS\WIZARD_WARS\WIZARD_WARS\DEBUG\WIZARD_WARS.EXE.INTERMEDIATE.MANIFEST
